[Licensing::Module] Trying to connect to existing licensing client channel...
[Licensing::IpcConnector] Successfully connected to: "LicenseClient-Alba Alonso" at "2025-10-30T10:51:32.983363Z"
Built from '6000.2/respin/6000.2.6f2-cc51a95c03' branch; Version is '6000.2.6f2 (4a4dcaec6541) revision 4869578'; Using compiler version '194234433'; Build Type 'Release'
OS: 'Windows 11  (10.0.26200) 64bit Professional' Language: 'es' Physical Memory: 32468 MB
BatchMode: 1, IsHumanControllingUs: 0, StartBugReporterOnCrash: 0, Is64bit: 1
Date: 2025-10-30T10:51:32Z

COMMAND LINE ARGUMENTS:
C:\Users\Alba Alonso\Desktop\Programs\Set up\Unity Set up\6000.2.6f2\Editor\Unity.exe
-adb2
-batchMode
-noUpm
-name
AssetImportWorker0
-projectPath
C:/Users/Alba Alonso/Downloads/Platforming/Taller U-Tad
-logFile
Logs/AssetImportWorker0.log
-srvPort
53902
-licensingIpc
LicenseClient-Alba Alonso
-job-worker-count
9
-background-job-worker-count
8
-gc-helper-count
1
-name
AssetImport
Successfully changed project path to: C:/Users/Alba Alonso/Downloads/Platforming/Taller U-Tad
C:/Users/Alba Alonso/Downloads/Platforming/Taller U-Tad
[UnityMemory] Configuration Parameters - Can be set up in boot.config
    "memorysetup-allocator-temp-initial-block-size-main=262144"
    "memorysetup-allocator-temp-initial-block-size-worker=262144"
    "memorysetup-bucket-allocator-granularity=16"
    "memorysetup-bucket-allocator-bucket-count=8"
    "memorysetup-bucket-allocator-block-size=33554432"
    "memorysetup-bucket-allocator-block-count=8"
    "memorysetup-main-allocator-block-size=16777216"
    "memorysetup-thread-allocator-block-size=16777216"
    "memorysetup-gfx-main-allocator-block-size=16777216"
    "memorysetup-gfx-thread-allocator-block-size=16777216"
    "memorysetup-cache-allocator-block-size=4194304"
    "memorysetup-typetree-allocator-block-size=2097152"
    "memorysetup-profiler-bucket-allocator-granularity=16"
    "memorysetup-profiler-bucket-allocator-bucket-count=8"
    "memorysetup-profiler-bucket-allocator-block-size=33554432"
    "memorysetup-profiler-bucket-allocator-block-count=8"
    "memorysetup-profiler-allocator-block-size=16777216"
    "memorysetup-profiler-editor-allocator-block-size=1048576"
    "memorysetup-temp-allocator-size-main=16777216"
    "memorysetup-job-temp-allocator-block-size=2097152"
    "memorysetup-job-temp-allocator-block-size-background=1048576"
    "memorysetup-job-temp-allocator-reduction-small-platforms=262144"
    "memorysetup-temp-allocator-size-background-worker=32768"
    "memorysetup-temp-allocator-size-job-worker=262144"
    "memorysetup-temp-allocator-size-preload-manager=33554432"
    "memorysetup-temp-allocator-size-nav-mesh-worker=65536"
    "memorysetup-temp-allocator-size-audio-worker=65536"
    "memorysetup-temp-allocator-size-cloud-worker=32768"
    "memorysetup-temp-allocator-size-gi-baking-worker=262144"
    "memorysetup-temp-allocator-size-gi-baking-worker=262144"
    "memorysetup-temp-allocator-size-gi-baking-worker=262144"
    "memorysetup-temp-allocator-size-gi-baking-worker=262144"
    "memorysetup-temp-allocator-size-gi-baking-worker=262144"
    "memorysetup-temp-allocator-size-gfx=262144"
Player connection [26984]  Target information:

Player connection [26984]  * "[IP] 10.1.193.232 [Port] 0 [Flags] 2 [Guid] 749071861 [EditorId] 749071861 [Version] 1048832 [Id] WindowsEditor(7,DESKTOP-6G0M33L) [Debug] 1 [PackageName] WindowsEditor [ProjectName] Editor" 

Player connection [26984] Host joined multi-casting on [225.0.0.222:54997]...
Player connection [26984] Host joined alternative multi-casting on [225.0.0.222:34997]...
JobSystem: Creating JobQueue using job-worker-count value 9
Input System module state changed to: Initialized.
[Physics::Module] Initialized fallback backend.
[Physics::Module] Id: 0xdecafbad
[Licensing::Client] Code 10 while verifying Licensing Client signature (process Id: 17748, path: "C:/Program Files/Unity Hub/UnityLicensingClient_V1/Unity.Licensing.Client.exe")
[Licensing::Module] LicensingClient has failed validation; ignoring
[Licensing::Client] Handshaking with LicensingClient:
  Version:                 1.17.3+a4e98f1
  Session Id:              2846e28fc60e4704992eedaa837a432a
  Correlation Id:          350da6b6b655cddf51a4039ab1496a9c
  External correlation Id: 5050448603459888191
  Machine Id:              V0ybpX2Ze3k7T9hi+J1IovkE0So=
[Licensing::Module] Successfully connected to LicensingClient on channel: "LicenseClient-Alba Alonso" (connect: 0.00s, validation: 0.00s, handshake: 0.10s)
Library Redirect Path: Library/
[Licensing::IpcConnector] Successfully connected to: "LicenseClient-Alba Alonso-notifications" at "2025-10-30T10:51:33.087568Z"
[Licensing::Module] Licensing Background thread has ended after 0.10s
[Physics::Module] Selected backend.
[Physics::Module] Name: PhysX
[Physics::Module] Id: 0xf2b8ea05
[Physics::Module] SDK Version: 4.1.2
[Physics::Module] Integration Version: 1.0.0
[Physics::Module] Threading Mode: Multi-Threaded
Refreshing native plugins compatible for Editor in 2.09 ms, found 3 plugins.
Preloading 0 native plugins for Editor in 0.00 ms.
Initialize engine version: 6000.2.6f2 (4a4dcaec6541)
[Subsystems] Discovering subsystems at path C:/Users/Alba Alonso/Desktop/Programs/Set up/Unity Set up/6000.2.6f2/Editor/Data/Resources/UnitySubsystems
[Subsystems] Discovering subsystems at path C:/Users/Alba Alonso/Downloads/Platforming/Taller U-Tad/Assets
GfxDevice: creating device client; kGfxThreadingModeNonThreaded
Direct3D:
    Version:  Direct3D 11.0 [level 11.1]
    Renderer: NVIDIA GeForce RTX 4060 Laptop GPU (ID=0x28a0)
    Vendor:   NVIDIA
    VRAM:     7957 MB
    Driver:   32.0.15.6636
Initialize mono
Mono path[0] = 'C:/Users/Alba Alonso/Desktop/Programs/Set up/Unity Set up/6000.2.6f2/Editor/Data/Managed'
Mono path[1] = 'C:/Users/Alba Alonso/Desktop/Programs/Set up/Unity Set up/6000.2.6f2/Editor/Data/MonoBleedingEdge/lib/mono/unityjit-win32'
Mono config path = 'C:/Users/Alba Alonso/Desktop/Programs/Set up/Unity Set up/6000.2.6f2/Editor/Data/MonoBleedingEdge/etc'
Using monoOptions --debugger-agent=transport=dt_socket,embedding=1,server=y,suspend=n,address=127.0.0.1:56096
Begin MonoManager ReloadAssembly
Registering precompiled unity dll's ...
Register platform support module: C:/Users/Alba Alonso/Desktop/Programs/Set up/Unity Set up/6000.2.6f2/Editor/Data/PlaybackEngines/WindowsStandaloneSupport/UnityEditor.WindowsStandalone.Extensions.dll
Registered in 0.001469 seconds.
- Loaded All Assemblies, in  0.401 seconds
Native extension for WindowsStandalone target not found
Mono: successfully reloaded assembly
- Finished resetting the current domain, in  0.339 seconds
Domain Reload Profiling: 739ms
	BeginReloadAssembly (134ms)
		ExecutionOrderSort (0ms)
		DisableScriptedObjects (0ms)
		BackupInstance (0ms)
		ReleaseScriptingObjects (0ms)
		CreateAndSetChildDomain (1ms)
	RebuildCommonClasses (38ms)
	RebuildNativeTypeToScriptingClass (13ms)
	initialDomainReloadingComplete (51ms)
	LoadAllAssembliesAndSetupDomain (163ms)
		LoadAssemblies (132ms)
		RebuildTransferFunctionScriptingTraits (0ms)
		AnalyzeDomain (160ms)
			TypeCache.Refresh (158ms)
				TypeCache.ScanAssembly (145ms)
			BuildScriptInfoCaches (0ms)
			ResolveRequiredComponents (1ms)
	FinalizeReload (340ms)
		ReleaseScriptCaches (0ms)
		RebuildScriptCaches (0ms)
		SetupLoadedEditorAssemblies (305ms)
			LogAssemblyErrors (0ms)
			InitializePlatformSupportModulesInManaged (53ms)
			SetLoadedEditorAssemblies (4ms)
			BeforeProcessingInitializeOnLoad (66ms)
			ProcessInitializeOnLoadAttributes (132ms)
			ProcessInitializeOnLoadMethodAttributes (50ms)
			AfterProcessingInitializeOnLoad (0ms)
			EditorAssembliesLoaded (0ms)
		ExecutionOrderSort2 (0ms)
		AwakeInstancesAfterBackupRestoration (0ms)
========================================================================
Worker process is ready to serve import requests
Import Worker Mode flag is 0x00
Begin MonoManager ReloadAssembly
[Licensing::Client] Successfully resolved entitlement details
[Licensing::Module] License group:
  Id: F4-YNSZ-V7C6-KK4V-M6DH-XXXX
  Product: Unity Personal
  Type: ULF
  Expiration: Unlimited
[Licensing::Module] License group:
  Id: 6872160751839-UnityPersXXXX
  Product: Unity Personal
  Type: Assigned
  Expiration: Unlimited
- Loaded All Assemblies, in  0.621 seconds
Refreshing native plugins compatible for Editor in 0.66 ms, found 3 plugins.
Native extension for WindowsStandalone target not found
Package Manager log level set to [2]
[Package Manager] Failed to launch server process. Reason: Unity was launched with the -noUpm command-line argument
[Package Manager] Unable to send message (not connected to server process).
[Package Manager] Cannot connect to Unity Package Manager local server
Mono: successfully reloaded assembly
- Finished resetting the current domain, in  0.540 seconds
Domain Reload Profiling: 1159ms
	BeginReloadAssembly (185ms)
		ExecutionOrderSort (0ms)
		DisableScriptedObjects (6ms)
		BackupInstance (0ms)
		ReleaseScriptingObjects (0ms)
		CreateAndSetChildDomain (28ms)
	RebuildCommonClasses (38ms)
	RebuildNativeTypeToScriptingClass (12ms)
	initialDomainReloadingComplete (37ms)
	LoadAllAssembliesAndSetupDomain (347ms)
		LoadAssemblies (294ms)
		RebuildTransferFunctionScriptingTraits (0ms)
		AnalyzeDomain (154ms)
			TypeCache.Refresh (114ms)
				TypeCache.ScanAssembly (103ms)
			BuildScriptInfoCaches (32ms)
			ResolveRequiredComponents (5ms)
	FinalizeReload (540ms)
		ReleaseScriptCaches (0ms)
		RebuildScriptCaches (0ms)
		SetupLoadedEditorAssemblies (426ms)
			LogAssemblyErrors (0ms)
			InitializePlatformSupportModulesInManaged (2ms)
			SetLoadedEditorAssemblies (4ms)
			BeforeProcessingInitializeOnLoad (93ms)
			ProcessInitializeOnLoadAttributes (292ms)
			ProcessInitializeOnLoadMethodAttributes (30ms)
			AfterProcessingInitializeOnLoad (4ms)
			EditorAssembliesLoaded (0ms)
		ExecutionOrderSort2 (0ms)
		AwakeInstancesAfterBackupRestoration (7ms)
Launched and connected shader compiler UnityShaderCompiler.exe after 0.02 seconds
Refreshing native plugins compatible for Editor in 0.87 ms, found 3 plugins.
Preloading 0 native plugins for Editor in 0.00 ms.
Unloading 0 Unused Serialized files (Serialized files now loaded: 0)
Unloading 3473 unused Assets / (1.0 MB). Loaded Objects now: 3976.
Memory consumption went from 80.7 MB to 79.7 MB.
Total: 5.272400 ms (FindLiveObjects: 0.278600 ms CreateObjectMapping: 0.190300 ms MarkObjects: 3.822300 ms  DeleteObjects: 0.979700 ms)

========================================================================
Received Import Request.
  Time since last request: 19740.686714 seconds.
  path: Assets/Prefabs/Entities/Enemy.prefab
  artifactKey: Guid(1444e29092fd7434b9ef560a5b97a611) Importer(815301076,1909f56bfc062723c751e8b465ee728b)
Start importing Assets/Prefabs/Entities/Enemy.prefab using Guid(1444e29092fd7434b9ef560a5b97a611) Importer(815301076,1909f56bfc062723c751e8b465ee728b) (PreviewImporter) -> (artifact id: '8fa7451c1ef6d47f664087c2f113426d') in 0.1233866 seconds
Number of updated asset objects reloaded before import = 0Number of asset objects unloaded after import = 11

========================================================================
Received Import Request.
  Time since last request: 3.693903 seconds.
  path: Assets/Prefabs/Entities/Enemy.prefab
  artifactKey: Guid(1444e29092fd7434b9ef560a5b97a611) Importer(2089858483,192608db42251d675da83286b1cce702)
Start importing Assets/Prefabs/Entities/Enemy.prefab using Guid(1444e29092fd7434b9ef560a5b97a611) Importer(2089858483,192608db42251d675da83286b1cce702) (ScriptedImporter) -> (artifact id: 'f5d1bb53b920abc52731906ff5222ffe') in 0.1612047 seconds
Number of updated asset objects reloaded before import = 0Number of asset objects unloaded after import = 11

========================================================================
Received Import Request.
  Time since last request: 4.438697 seconds.
  path: Assets/Art
  artifactKey: Guid(4ed17ba4c01971940b5beb7a77b98553) Importer(815301076,1909f56bfc062723c751e8b465ee728b)
Start importing Assets/Art using Guid(4ed17ba4c01971940b5beb7a77b98553) Importer(815301076,1909f56bfc062723c751e8b465ee728b) (PreviewImporter) -> (artifact id: 'da234e433b2b9b44801615ae79bbd364') in 0.0005742 seconds
Number of updated asset objects reloaded before import = 0Number of asset objects unloaded after import = 0

========================================================================
Received Import Request.
  Time since last request: 0.974007 seconds.
  path: Assets/Art
  artifactKey: Guid(4ed17ba4c01971940b5beb7a77b98553) Importer(2089858483,192608db42251d675da83286b1cce702)
Start importing Assets/Art using Guid(4ed17ba4c01971940b5beb7a77b98553) Importer(2089858483,192608db42251d675da83286b1cce702) (ScriptedImporter) -> (artifact id: 'fc64adf4354d1ced383cb9803c2c902f') in 0.0854867 seconds
Number of updated asset objects reloaded before import = 0Number of asset objects unloaded after import = 1

========================================================================
Received Import Request.
  Time since last request: 2.514811 seconds.
  path: Assets/Art/Backgrounds
  artifactKey: Guid(15179d88b008cad4d918c4df70a34170) Importer(2089858483,192608db42251d675da83286b1cce702)
Start importing Assets/Art/Backgrounds using Guid(15179d88b008cad4d918c4df70a34170) Importer(2089858483,192608db42251d675da83286b1cce702) (ScriptedImporter) -> (artifact id: 'a3cdfd4b75052a58216aa4bd183d9033') in 0.0510067 seconds
Number of updated asset objects reloaded before import = 0Number of asset objects unloaded after import = 1

========================================================================
Received Import Request.
  Time since last request: 0.000824 seconds.
  path: Assets/Art/Backgrounds/b5nrbK.png
  artifactKey: Guid(fdaca45c273fcfd409bd8ef7aeb99eab) Importer(2089858483,192608db42251d675da83286b1cce702)
Start importing Assets/Art/Backgrounds/b5nrbK.png using Guid(fdaca45c273fcfd409bd8ef7aeb99eab) Importer(2089858483,192608db42251d675da83286b1cce702) (ScriptedImporter) -> (artifact id: 'a1a38efc81589ef3f7b8b7c6022b23f6') in 0.1355898 seconds
Number of updated asset objects reloaded before import = 0Number of asset objects unloaded after import = 3

========================================================================
Received Import Request.
  Time since last request: 0.000025 seconds.
  path: Assets/Art/Backgrounds/9b1e648daf8b2558746d5f7779d3db04.jpg
  artifactKey: Guid(32f3cf0dfdd587848ac0b692cd1e1ba0) Importer(2089858483,192608db42251d675da83286b1cce702)
Start importing Assets/Art/Backgrounds/9b1e648daf8b2558746d5f7779d3db04.jpg using Guid(32f3cf0dfdd587848ac0b692cd1e1ba0) Importer(2089858483,192608db42251d675da83286b1cce702) (ScriptedImporter) -> (artifact id: '225c8e83272e9db7ff153e3a0f9c9965') in 0.0566515 seconds
Number of updated asset objects reloaded before import = 0Number of asset objects unloaded after import = 3

========================================================================
Received Import Request.
  Time since last request: 0.000031 seconds.
  path: Assets/Art/Backgrounds/43d4d7e5ba1cfa7959a1fab8d64f22ea.gif
  artifactKey: Guid(38afc01dfa50ec34b86f351f09b86b78) Importer(2089858483,192608db42251d675da83286b1cce702)
Start importing Assets/Art/Backgrounds/43d4d7e5ba1cfa7959a1fab8d64f22ea.gif using Guid(38afc01dfa50ec34b86f351f09b86b78) Importer(2089858483,192608db42251d675da83286b1cce702) (ScriptedImporter) -> (artifact id: '7c11f78f5a91de1db183ccdcca944586') in 0.0452118 seconds
Number of updated asset objects reloaded before import = 0Number of asset objects unloaded after import = 3

========================================================================
Received Import Request.
  Time since last request: 5.879241 seconds.
  path: Assets/Art/Sprites/simple-white-arrow-pointing-right-on-transparent-background-indicating-direction-and-progress-png.png
  artifactKey: Guid(2f37c97f2f607194386d407b6532bee4) Importer(2089858483,192608db42251d675da83286b1cce702)
Start importing Assets/Art/Sprites/simple-white-arrow-pointing-right-on-transparent-background-indicating-direction-and-progress-png.png using Guid(2f37c97f2f607194386d407b6532bee4) Importer(2089858483,192608db42251d675da83286b1cce702) (ScriptedImporter) -> (artifact id: '7af6c1250c97d3e882ad262811d63ff7') in 0.0706884 seconds
Number of updated asset objects reloaded before import = 0Number of asset objects unloaded after import = 3

========================================================================
Received Import Request.
  Time since last request: 2.449617 seconds.
  path: Assets/Art/Sprite/enemy.png
  artifactKey: Guid(33e25e96678208241ad54837077ac46e) Importer(2089858483,192608db42251d675da83286b1cce702)
Start importing Assets/Art/Sprite/enemy.png using Guid(33e25e96678208241ad54837077ac46e) Importer(2089858483,192608db42251d675da83286b1cce702) (ScriptedImporter) -> (artifact id: '2cf6554f0918a5092270d89775696af7') in 0.0955858 seconds
Number of updated asset objects reloaded before import = 0Number of asset objects unloaded after import = 3

========================================================================
Received Import Request.
  Time since last request: 32.847184 seconds.
  path: Assets/Art/Sprites/Materials/pngtree-turn-left-wooden-sign-in-pixel-art-style-png-image_12616040.mat
  artifactKey: Guid(932f6d5e9bfa1fe43a6d17b6a44c1119) Importer(2089858483,192608db42251d675da83286b1cce702)
Start importing Assets/Art/Sprites/Materials/pngtree-turn-left-wooden-sign-in-pixel-art-style-png-image_12616040.mat using Guid(932f6d5e9bfa1fe43a6d17b6a44c1119) Importer(2089858483,192608db42251d675da83286b1cce702) (ScriptedImporter) -> (artifact id: 'b04ede29b65dd970df43a5045eb7d11e') in 0.0921151 seconds
Number of updated asset objects reloaded before import = 0Number of asset objects unloaded after import = 2

========================================================================
Received Import Request.
  Time since last request: 1191.343078 seconds.
  path: Assets/Art/Sprites/Materials/pngtree-turn-left-wooden-sign-in-pixel-art-style-png-image_12616040.mat
  artifactKey: Guid(932f6d5e9bfa1fe43a6d17b6a44c1119) Importer(2089858483,192608db42251d675da83286b1cce702)
Start importing Assets/Art/Sprites/Materials/pngtree-turn-left-wooden-sign-in-pixel-art-style-png-image_12616040.mat using Guid(932f6d5e9bfa1fe43a6d17b6a44c1119) Importer(2089858483,192608db42251d675da83286b1cce702) (ScriptedImporter) -> (artifact id: '4e9e648116344313b74ff6020acac028') in 0.0458258 seconds
Number of updated asset objects reloaded before import = 0Number of asset objects unloaded after import = 2

========================================================================
Received Import Request.
  Time since last request: 0.000032 seconds.
  path: Assets/Taller U-Tad.unity
  artifactKey: Guid(9ab089170e179ba4690b5ece6f6b6aaf) Importer(2089858483,192608db42251d675da83286b1cce702)
Start importing Assets/Taller U-Tad.unity using Guid(9ab089170e179ba4690b5ece6f6b6aaf) Importer(2089858483,192608db42251d675da83286b1cce702) (ScriptedImporter) -> (artifact id: 'a924fc6e385b6514042b4ef9e264fe14') in 0.0349556 seconds
Number of updated asset objects reloaded before import = 0Number of asset objects unloaded after import = 1

========================================================================
Received Import Request.
  Time since last request: 0.000187 seconds.
  path: Assets/TextMesh Pro/Examples & Extras/Resources/Fonts & Materials/Anton SDF.asset
  artifactKey: Guid(8a89fa14b10d46a99122fd4f73fca9a2) Importer(2089858483,192608db42251d675da83286b1cce702)
Start importing Assets/TextMesh Pro/Examples & Extras/Resources/Fonts & Materials/Anton SDF.asset using Guid(8a89fa14b10d46a99122fd4f73fca9a2) Importer(2089858483,192608db42251d675da83286b1cce702) (ScriptedImporter) -> (artifact id: '7d6f7e91051e083d95eab5d75238b830') in 0.0727847 seconds
Number of updated asset objects reloaded before import = 0Number of asset objects unloaded after import = 5

========================================================================
Received Import Request.
  Time since last request: 0.000049 seconds.
  path: Assets/TextMesh Pro/Examples & Extras/Resources/Fonts & Materials/Roboto-Bold SDF.asset
  artifactKey: Guid(5302535af1044152a457ed104f1f4b91) Importer(2089858483,192608db42251d675da83286b1cce702)
Start importing Assets/TextMesh Pro/Examples & Extras/Resources/Fonts & Materials/Roboto-Bold SDF.asset using Guid(5302535af1044152a457ed104f1f4b91) Importer(2089858483,192608db42251d675da83286b1cce702) (ScriptedImporter) -> (artifact id: '6d95a63802ef72c06f6cd331b4fbfcd7') in 0.0802204 seconds
Number of updated asset objects reloaded before import = 0Number of asset objects unloaded after import = 5

========================================================================
Received Import Request.
  Time since last request: 0.000020 seconds.
  path: Assets/TextMesh Pro/Examples & Extras/Resources/Fonts & Materials/Bangers SDF.asset
  artifactKey: Guid(125cb55b44b24c4393181402bc6200e6) Importer(2089858483,192608db42251d675da83286b1cce702)
Start importing Assets/TextMesh Pro/Examples & Extras/Resources/Fonts & Materials/Bangers SDF.asset using Guid(125cb55b44b24c4393181402bc6200e6) Importer(2089858483,192608db42251d675da83286b1cce702) (ScriptedImporter) -> (artifact id: 'a0a355a8ca921c134a286c96a57acc24') in 0.04881 seconds
Number of updated asset objects reloaded before import = 0Number of asset objects unloaded after import = 5

Editor requested this worker to shutdown with reason: Scaling down because of idle timeout
AssetImportWorker is now disconnected from the server
Process exiting
Exiting without the bug reporter. Application will terminate with return code 0